{
  "RSpec": {
    "coverage": {
      "/Users/chrissimmons/turing/2Module/exercises/election/config/environment.rb": {
        "lines": [
          null,
          1,
          null,
          null,
          1
        ]
      },
      "/Users/chrissimmons/turing/2Module/exercises/election/config/application.rb": {
        "lines": [
          1,
          null,
          1,
          null,
          1,
          1,
          1,
          1,
          1,
          1,
          1,
          1,
          1,
          1,
          null,
          null,
          null,
          null,
          1,
          null,
          1,
          1,
          null,
          1,
          null,
          null,
          null,
          null,
          null,
          null,
          null,
          null,
          null,
          null,
          1,
          null,
          null
        ]
      },
      "/Users/chrissimmons/turing/2Module/exercises/election/config/boot.rb": {
        "lines": [
          1,
          null,
          1,
          1
        ]
      },
      "/Users/chrissimmons/turing/2Module/exercises/election/config/environments/test.rb": {
        "lines": [
          1,
          null,
          null,
          null,
          null,
          null,
          null,
          1,
          null,
          null,
          null,
          1,
          null,
          null,
          null,
          null,
          1,
          null,
          null,
          1,
          1,
          null,
          null,
          null,
          null,
          1,
          1,
          1,
          null,
          null,
          1,
          null,
          null,
          1,
          null,
          null,
          1,
          null,
          1,
          null,
          null,
          null,
          null,
          1,
          null,
          null,
          1,
          null,
          null,
          1,
          null,
          null,
          1,
          null,
          null,
          null,
          null,
          null,
          null,
          null
        ]
      },
      "/Users/chrissimmons/turing/2Module/exercises/election/config/initializers/application_controller_renderer.rb": {
        "lines": [
          null,
          null,
          null,
          null,
          null,
          null
        ]
      },
      "/Users/chrissimmons/turing/2Module/exercises/election/config/initializers/assets.rb": {
        "lines": [
          null,
          null,
          null,
          1,
          null,
          null,
          null,
          null,
          null,
          null,
          null,
          null
        ]
      },
      "/Users/chrissimmons/turing/2Module/exercises/election/config/initializers/backtrace_silencers.rb": {
        "lines": [
          null,
          null,
          null,
          null,
          null,
          null,
          null
        ]
      },
      "/Users/chrissimmons/turing/2Module/exercises/election/config/initializers/cookies_serializer.rb": {
        "lines": [
          null,
          null,
          null,
          null,
          1
        ]
      },
      "/Users/chrissimmons/turing/2Module/exercises/election/config/initializers/filter_parameter_logging.rb": {
        "lines": [
          null,
          null,
          null,
          null,
          null,
          1,
          null,
          null
        ]
      },
      "/Users/chrissimmons/turing/2Module/exercises/election/config/initializers/inflections.rb": {
        "lines": [
          null,
          null,
          null,
          null,
          null,
          null,
          null,
          null,
          null,
          null,
          null,
          null,
          null,
          null,
          null,
          null
        ]
      },
      "/Users/chrissimmons/turing/2Module/exercises/election/config/initializers/mime_types.rb": {
        "lines": [
          null,
          null,
          null,
          null
        ]
      },
      "/Users/chrissimmons/turing/2Module/exercises/election/config/initializers/wrap_parameters.rb": {
        "lines": [
          null,
          null,
          null,
          null,
          null,
          null,
          1,
          2,
          null,
          null,
          null,
          null,
          null,
          null
        ]
      },
      "/Users/chrissimmons/turing/2Module/exercises/election/spec/factories/candidate_factory.rb": {
        "lines": [
          1,
          1,
          1,
          9,
          null,
          null,
          1,
          null,
          null
        ]
      },
      "/Users/chrissimmons/turing/2Module/exercises/election/spec/factories/county_factory.rb": {
        "lines": [
          1,
          1,
          1,
          null,
          1,
          13,
          13,
          null,
          13,
          null,
          null,
          null
        ]
      },
      "/Users/chrissimmons/turing/2Module/exercises/election/spec/factories/party_factory.rb": {
        "lines": [
          1,
          1,
          1,
          8,
          8,
          null,
          8,
          null,
          null,
          null
        ]
      },
      "/Users/chrissimmons/turing/2Module/exercises/election/spec/factories/primary_result_factory.rb": {
        "lines": [
          1,
          1,
          1,
          1,
          null,
          1,
          1,
          17,
          null,
          null,
          null
        ]
      },
      "/Users/chrissimmons/turing/2Module/exercises/election/spec/factories/state_factory.rb": {
        "lines": [
          1,
          1,
          1,
          10,
          null,
          null,
          1,
          10,
          null,
          null,
          null
        ]
      },
      "/Users/chrissimmons/turing/2Module/exercises/election/config/routes.rb": {
        "lines": [
          1,
          1,
          null
        ]
      },
      "/Users/chrissimmons/turing/2Module/exercises/election/app/helpers/application_helper.rb": {
        "lines": [
          1,
          null
        ]
      },
      "/Users/chrissimmons/turing/2Module/exercises/election/spec/support/factory_girl.rb": {
        "lines": [
          1,
          1,
          null
        ]
      },
      "/Users/chrissimmons/turing/2Module/exercises/election/spec/models/candidate_spec.rb": {
        "lines": [
          1,
          null,
          1,
          1,
          2,
          2,
          null,
          null,
          1,
          1,
          1,
          1,
          1,
          null,
          1,
          null,
          null,
          null,
          1,
          1,
          1,
          1,
          1,
          1,
          null,
          1,
          1,
          null,
          1,
          1,
          null,
          null,
          null,
          1,
          1,
          1,
          1,
          1,
          1,
          1,
          1,
          null,
          1,
          1,
          null,
          1,
          1,
          null,
          null,
          null,
          null,
          null
        ]
      },
      "/Users/chrissimmons/turing/2Module/exercises/election/app/models/candidate.rb": {
        "lines": [
          1,
          1,
          1,
          1,
          null,
          1,
          1,
          null,
          null,
          1,
          2,
          null,
          null,
          1,
          6,
          null,
          null
        ]
      },
      "/Users/chrissimmons/turing/2Module/exercises/election/app/models/application_record.rb": {
        "lines": [
          1,
          1,
          null
        ]
      },
      "/Users/chrissimmons/turing/2Module/exercises/election/spec/models/county_spec.rb": {
        "lines": [
          1,
          null,
          1,
          1,
          2,
          null,
          null,
          1,
          1,
          1,
          1,
          1,
          null,
          1,
          null,
          null,
          null,
          null
        ]
      },
      "/Users/chrissimmons/turing/2Module/exercises/election/app/models/county.rb": {
        "lines": [
          1,
          1,
          1,
          1,
          null,
          1,
          2,
          null,
          null
        ]
      },
      "/Users/chrissimmons/turing/2Module/exercises/election/spec/models/party_spec.rb": {
        "lines": [
          1,
          null,
          1,
          1,
          2,
          2,
          null,
          null
        ]
      },
      "/Users/chrissimmons/turing/2Module/exercises/election/app/models/party.rb": {
        "lines": [
          1,
          1,
          1,
          null,
          1,
          null
        ]
      },
      "/Users/chrissimmons/turing/2Module/exercises/election/spec/models/primary_result_spec.rb": {
        "lines": [
          1,
          null,
          1,
          1,
          2,
          null,
          null,
          1,
          1,
          1,
          1,
          null,
          1,
          null,
          null,
          null,
          1,
          1,
          1,
          1,
          1,
          null,
          1,
          null,
          null,
          null
        ]
      },
      "/Users/chrissimmons/turing/2Module/exercises/election/app/models/primary_result.rb": {
        "lines": [
          1,
          1,
          1,
          1,
          null,
          1,
          3,
          null,
          null,
          1,
          1,
          null,
          null
        ]
      },
      "/Users/chrissimmons/turing/2Module/exercises/election/spec/models/state_spec.rb": {
        "lines": [
          1,
          null,
          1,
          1,
          2,
          2,
          2,
          2,
          null,
          null
        ]
      },
      "/Users/chrissimmons/turing/2Module/exercises/election/app/models/state.rb": {
        "lines": [
          1,
          1,
          1,
          1,
          1,
          1,
          null
        ]
      },
      "/Users/chrissimmons/turing/2Module/exercises/election/app/controllers/states_controller.rb": {
        "lines": [
          1,
          1,
          1,
          null,
          null
        ]
      },
      "/Users/chrissimmons/turing/2Module/exercises/election/app/controllers/application_controller.rb": {
        "lines": [
          1,
          1,
          null
        ]
      }
    },
    "timestamp": 1688577090
  }
}
